TN:
SF:src\app.js
FN:13,(anonymous_0)
FN:22,(anonymous_1)
FN:27,(anonymous_2)
FN:38,(anonymous_3)
FN:50,(anonymous_4)
FN:56,(anonymous_5)
FNF:6
FNH:5
FNDA:1,(anonymous_0)
FNDA:1,(anonymous_1)
FNDA:8,(anonymous_2)
FNDA:6,(anonymous_3)
FNDA:2,(anonymous_4)
FNDA:0,(anonymous_5)
DA:6,1
DA:7,1
DA:8,1
DA:10,1
DA:13,1
DA:14,1
DA:22,1
DA:23,1
DA:27,1
DA:28,8
DA:29,8
DA:30,2
DA:32,6
DA:33,2
DA:35,4
DA:38,1
DA:39,6
DA:40,6
DA:41,1
DA:43,5
DA:44,2
DA:46,3
DA:50,1
DA:51,2
DA:55,1
DA:56,0
DA:59,1
LF:27
LH:26
BRDA:8,0,0,1
BRDA:8,0,1,1
BRDA:16,1,0,1
BRDA:16,1,1,1
BRDA:29,2,0,2
BRDA:29,2,1,6
BRDA:29,3,0,8
BRDA:29,3,1,7
BRDA:32,4,0,2
BRDA:32,4,1,4
BRDA:32,5,0,6
BRDA:32,5,1,4
BRDA:40,6,0,1
BRDA:40,6,1,5
BRDA:40,7,0,6
BRDA:40,7,1,5
BRDA:43,8,0,2
BRDA:43,8,1,3
BRDA:43,9,0,5
BRDA:43,9,1,4
BRDA:55,10,0,0
BRDA:55,10,1,1
BRF:22
BRH:21
end_of_record
